CRITICAL - 2023-08-26 19:39:27 --> Undefined property: CodeIgniter\View\View::$uri
in APPPATH\Views\front\header.php on line 28.
 1 APPPATH\Views\front\header.php(28): CodeIgniter\Debug\Exceptions->errorHandler(8, 'Undefined property: CodeIgniter\\View\\View::$uri', 'C:\\xampp\\htdocs\\IntegradorTD\\app\\Views\\front\\header.php', 28, [...])
 2 SYSTEMPATH\View\View.php(224): include('C:\\xampp\\htdocs\\IntegradorTD\\app\\Views\\front\\header.php')
 3 SYSTEMPATH\View\View.php(227): CodeIgniter\View\View->CodeIgniter\View\{closure}()
 4 SYSTEMPATH\Common.php(1176): CodeIgniter\View\View->render('front/header', [], true)
 5 APPPATH\Controllers\Home.php(10): view('front/header', [...])
 6 SYSTEMPATH\CodeIgniter.php(932): App\Controllers\Home->index()
 7 SYSTEMPATH\CodeIgniter.php(497): CodeIgniter\CodeIgniter->runController(Object(App\Controllers\Home))
 8 SYSTEMPATH\CodeIgniter.php(366): CodeIgniter\CodeIgniter->handleRequest(null, Object(Config\Cache), false)
 9 FCPATH\index.php(67): CodeIgniter\CodeIgniter->run()
CRITICAL - 2023-08-26 23:21:19 --> Call to undefined function set_value()
in APPPATH\Views\front\registro.php on line 18.
 1 SYSTEMPATH\View\View.php(224): include()
 2 SYSTEMPATH\View\View.php(227): CodeIgniter\View\View->CodeIgniter\View\{closure}()
 3 SYSTEMPATH\Common.php(1176): CodeIgniter\View\View->render('front/registro', [], true)
 4 APPPATH\Controllers\Home.php(33): view('front/registro')
 5 SYSTEMPATH\CodeIgniter.php(932): App\Controllers\Home->registro()
 6 SYSTEMPATH\CodeIgniter.php(497): CodeIgniter\CodeIgniter->runController(Object(App\Controllers\Home))
 7 SYSTEMPATH\CodeIgniter.php(366): CodeIgniter\CodeIgniter->handleRequest(null, Object(Config\Cache), false)
 8 FCPATH\index.php(67): CodeIgniter\CodeIgniter->run()
