CRITICAL - 2023-09-22 12:54:49 --> Invalid file: "recuperar_pass.php"
in SYSTEMPATH\Exceptions\FrameworkException.php on line 33.
 1 SYSTEMPATH\View\View.php(212): CodeIgniter\Exceptions\FrameworkException::forInvalidFile('recuperar_pass.php')
 2 SYSTEMPATH\Common.php(1176): CodeIgniter\View\View->render('recuperar_pass', [], true)
 3 APPPATH\Controllers\AuthController.php(8): view('recuperar_pass')
 4 SYSTEMPATH\CodeIgniter.php(932): App\Controllers\AuthController->showPasswordRecoveryForm()
 5 SYSTEMPATH\CodeIgniter.php(497): CodeIgniter\CodeIgniter->runController(Object(App\Controllers\AuthController))
 6 SYSTEMPATH\CodeIgniter.php(366): CodeIgniter\CodeIgniter->handleRequest(null, Object(Config\Cache), false)
 7 FCPATH\index.php(67): CodeIgniter\CodeIgniter->run()
CRITICAL - 2023-09-22 13:23:49 --> The namespace delimiter is a backslash (\), not a slash (/). Route handler: "\App\Controllers\usuario_controller/create"
in SYSTEMPATH\Router\Router.php on line 477.
 1 SYSTEMPATH\Router\Router.php(477): CodeIgniter\Router\Exceptions\RouterException::forInvalidControllerName('\\App\\Controllers\\usuario_controller/create')
 2 SYSTEMPATH\Router\Router.php(184): CodeIgniter\Router\Router->checkRoutes('registro')
 3 SYSTEMPATH\CodeIgniter.php(813): CodeIgniter\Router\Router->handle('registro')
 4 SYSTEMPATH\CodeIgniter.php(447): CodeIgniter\CodeIgniter->tryToRouteIt(Object(CodeIgniter\Router\RouteCollection))
 5 SYSTEMPATH\CodeIgniter.php(366): CodeIgniter\CodeIgniter->handleRequest(null, Object(Config\Cache), false)
 6 FCPATH\index.php(67): CodeIgniter\CodeIgniter->run()
CRITICAL - 2023-09-22 13:24:16 --> The namespace delimiter is a backslash (\), not a slash (/). Route handler: "\App\Controllers\usuario_controller/create"
in SYSTEMPATH\Router\Router.php on line 477.
 1 SYSTEMPATH\Router\Router.php(477): CodeIgniter\Router\Exceptions\RouterException::forInvalidControllerName('\\App\\Controllers\\usuario_controller/create')
 2 SYSTEMPATH\Router\Router.php(184): CodeIgniter\Router\Router->checkRoutes('registro')
 3 SYSTEMPATH\CodeIgniter.php(813): CodeIgniter\Router\Router->handle('registro')
 4 SYSTEMPATH\CodeIgniter.php(447): CodeIgniter\CodeIgniter->tryToRouteIt(Object(CodeIgniter\Router\RouteCollection))
 5 SYSTEMPATH\CodeIgniter.php(366): CodeIgniter\CodeIgniter->handleRequest(null, Object(Config\Cache), false)
 6 FCPATH\index.php(67): CodeIgniter\CodeIgniter->run()
